2024-11-20T07:34:34.416Z error: No stack trace
2024-11-20T07:42:59.818Z error: Error: Missing credentials for "PLAIN"
    at SMTPConnection._formatError (D:\portfolio project\task-management-system-mern\Backend\node_modules\nodemailer\lib\smtp-connection\index.js:807:19)
    at SMTPConnection.login (D:\portfolio project\task-management-system-mern\Backend\node_modules\nodemailer\lib\smtp-connection\index.js:452:38)
    at D:\portfolio project\task-management-system-mern\Backend\node_modules\nodemailer\lib\smtp-transport\index.js:272:32
    at SMTPConnection.<anonymous> (D:\portfolio project\task-management-system-mern\Backend\node_modules\nodemailer\lib\smtp-connection\index.js:215:17)
    at Object.onceWrapper (node:events:628:28)
    at SMTPConnection.emit (node:events:514:28)
    at SMTPConnection._actionEHLO (D:\portfolio project\task-management-system-mern\Backend\node_modules\nodemailer\lib\smtp-connection\index.js:1369:14)
    at SMTPConnection._processResponse (D:\portfolio project\task-management-system-mern\Backend\node_modules\nodemailer\lib\smtp-connection\index.js:991:20)
    at SMTPConnection._onData (D:\portfolio project\task-management-system-mern\Backend\node_modules\nodemailer\lib\smtp-connection\index.js:772:14)
    at SMTPConnection._onSocketData (D:\portfolio project\task-management-system-mern\Backend\node_modules\nodemailer\lib\smtp-connection\index.js:195:44)
2024-11-20T07:46:53.805Z error: No stack trace
2024-11-20T13:46:11.164Z error: No stack trace
2024-11-20T13:47:06.491Z error: Error: secretOrPrivateKey must have a value
    at module.exports [as sign] (D:\portfolio project\task-management-system-mern\Backend\node_modules\jsonwebtoken\sign.js:111:20)
    at generateToken (D:\portfolio project\task-management-system-mern\Backend\commons\utils\generateToken.js:5:16)
    at Object.loginUser (D:\portfolio project\task-management-system-mern\Backend\src\services\authService.js:54:19)
    at async loginUser (D:\portfolio project\task-management-system-mern\Backend\src\controllers\authController.js:50:33)
2024-11-20T14:54:16.349Z error: Error: secretOrPrivateKey must have a value
    at module.exports [as sign] (D:\portfolio project\task-management-system-mern\Backend\node_modules\jsonwebtoken\sign.js:111:20)
    at generateToken (D:\portfolio project\task-management-system-mern\Backend\commons\utils\generateToken.js:5:16)
    at Object.loginUser (D:\portfolio project\task-management-system-mern\Backend\src\services\authService.js:62:19)
    at async loginUser (D:\portfolio project\task-management-system-mern\Backend\src\controllers\authController.js:50:33)
2024-11-20T15:06:37.773Z error: Error: secretOrPrivateKey must have a value
    at module.exports [as sign] (D:\portfolio project\task-management-system-mern\Backend\node_modules\jsonwebtoken\sign.js:111:20)
    at generateToken (D:\portfolio project\task-management-system-mern\Backend\commons\utils\generateToken.js:19:16)
    at Object.loginUser (D:\portfolio project\task-management-system-mern\Backend\src\services\authService.js:75:19)
    at async loginUser (D:\portfolio project\task-management-system-mern\Backend\src\controllers\authController.js:52:33)
2024-11-20T15:11:01.433Z error: Error: secretOrPrivateKey must have a value
    at module.exports [as sign] (D:\portfolio project\task-management-system-mern\Backend\node_modules\jsonwebtoken\sign.js:111:20)
    at generateToken (D:\portfolio project\task-management-system-mern\Backend\commons\utils\generateToken.js:19:16)
    at Object.loginUser (D:\portfolio project\task-management-system-mern\Backend\src\services\authService.js:75:19)
    at async loginUser (D:\portfolio project\task-management-system-mern\Backend\src\controllers\authController.js:52:33)
2024-11-20T15:16:58.798Z error: Error: secretOrPrivateKey must have a value
    at module.exports [as sign] (D:\portfolio project\task-management-system-mern\Backend\node_modules\jsonwebtoken\sign.js:111:20)
    at generateToken (D:\portfolio project\task-management-system-mern\Backend\commons\utils\generateToken.js:18:16)
    at Object.loginUser (D:\portfolio project\task-management-system-mern\Backend\src\services\authService.js:75:19)
    at async loginUser (D:\portfolio project\task-management-system-mern\Backend\src\controllers\authController.js:52:33)
2024-11-20T15:31:37.046Z error: ReferenceError: generateAuthToken is not defined
    at Object.loginUser (D:\portfolio project\task-management-system-mern\Backend\src\services\authService.js:75:19)
    at async loginUser (D:\portfolio project\task-management-system-mern\Backend\src\controllers\authController.js:52:33)
2024-11-20T15:35:39.568Z error: ReferenceError: name is not defined
    at Object.loginUser (D:\portfolio project\task-management-system-mern\Backend\src\services\authService.js:75:57)
    at async loginUser (D:\portfolio project\task-management-system-mern\Backend\src\controllers\authController.js:52:33)
2024-11-20T15:36:09.333Z error: ReferenceError: Name is not defined
    at Object.loginUser (D:\portfolio project\task-management-system-mern\Backend\src\services\authService.js:75:57)
    at async loginUser (D:\portfolio project\task-management-system-mern\Backend\src\controllers\authController.js:52:33)
2024-11-20T15:36:48.806Z error: ReferenceError: role is not defined
    at Object.loginUser (D:\portfolio project\task-management-system-mern\Backend\src\services\authService.js:75:68)
    at async loginUser (D:\portfolio project\task-management-system-mern\Backend\src\controllers\authController.js:52:33)
2024-11-20T17:20:47.772Z error: MongooseError: Operation `users.findOne()` buffering timed out after 10000ms
    at Timeout.<anonymous> (D:\portfolio project\task-management-system-mern\Backend\node_modules\mongoose\lib\drivers\node-mongodb-native\collection.js:185:23)
    at listOnTimeout (node:internal/timers:573:17)
    at process.processTimers (node:internal/timers:514:7)
2024-11-20T17:21:38.953Z error: MongooseError: Operation `users.findOne()` buffering timed out after 10000ms
    at Timeout.<anonymous> (D:\portfolio project\task-management-system-mern\Backend\node_modules\mongoose\lib\drivers\node-mongodb-native\collection.js:185:23)
    at listOnTimeout (node:internal/timers:573:17)
    at process.processTimers (node:internal/timers:514:7)
2024-11-21T04:42:06.381Z error: ValidationError: Task validation failed: _id: Cast to ObjectId failed for value "string" (type string) at path "_id" because of "BSONError"
    at Document.invalidate (D:\portfolio project\task-management-system-mern\Backend\node_modules\mongoose\lib\document.js:3318:32)
    at model.$set (D:\portfolio project\task-management-system-mern\Backend\node_modules\mongoose\lib\document.js:1474:12)
    at model.$set (D:\portfolio project\task-management-system-mern\Backend\node_modules\mongoose\lib\document.js:1128:16)
    at model.Document (D:\portfolio project\task-management-system-mern\Backend\node_modules\mongoose\lib\document.js:177:12)
    at model.Model (D:\portfolio project\task-management-system-mern\Backend\node_modules\mongoose\lib\model.js:128:12)
    at new model (D:\portfolio project\task-management-system-mern\Backend\node_modules\mongoose\lib\model.js:4689:15)
    at Object.createTask (D:\portfolio project\task-management-system-mern\Backend\src\services\tasksService.js:14:16)
    at process.processTicksAndRejections (node:internal/process/task_queues:95:5)
    at async createTask (D:\portfolio project\task-management-system-mern\Backend\src\controllers\tasksController.js:10:18)
2024-11-21T17:34:22.988Z error: No stack trace
2024-11-21T17:35:38.499Z error: No stack trace
2024-11-21T17:45:35.543Z error: No stack trace
2024-11-22T06:09:02.540Z error: No stack trace
2024-11-22T06:09:29.812Z error: No stack trace
2024-11-22T15:39:13.009Z error: No stack trace
2024-11-22T15:42:34.696Z error: Error: read ECONNRESET
    at TLSWrap.onStreamRead (node:internal/stream_base_commons:217:20)
2024-11-22T15:45:10.472Z error: No stack trace
2024-11-22T15:48:13.521Z error: No stack trace
2024-11-23T14:20:45.951Z error: No stack trace
2024-11-23T14:23:12.063Z error: No stack trace
2024-11-23T14:50:26.771Z error: MongoServerSelectionError: 4C390000:error:0A000438:SSL routines:ssl3_read_bytes:tlsv1 alert internal error:c:\ws\deps\openssl\openssl\ssl\record\rec_layer_s3.c:1586:SSL alert number 80

    at Topology.selectServer (D:\portfolio project\task-management-system-mern\Backend\node_modules\mongodb\lib\sdam\topology.js:303:38)
    at async tryOperation (D:\portfolio project\task-management-system-mern\Backend\node_modules\mongodb\lib\operations\execute_operation.js:138:18)
    at async executeOperation (D:\portfolio project\task-management-system-mern\Backend\node_modules\mongodb\lib\operations\execute_operation.js:69:16)
    at async FindCursor._initialize (D:\portfolio project\task-management-system-mern\Backend\node_modules\mongodb\lib\cursor\find_cursor.js:51:26)
    at async FindCursor.cursorInit (D:\portfolio project\task-management-system-mern\Backend\node_modules\mongodb\lib\cursor\abstract_cursor.js:495:27)
    at async FindCursor.fetchBatch (D:\portfolio project\task-management-system-mern\Backend\node_modules\mongodb\lib\cursor\abstract_cursor.js:527:13)
    at async FindCursor.next (D:\portfolio project\task-management-system-mern\Backend\node_modules\mongodb\lib\cursor\abstract_cursor.js:239:13)
    at async Collection.findOne (D:\portfolio project\task-management-system-mern\Backend\node_modules\mongodb\lib\collection.js:274:21)
    at async model.Query._findOne (D:\portfolio project\task-management-system-mern\Backend\node_modules\mongoose\lib\query.js:2645:15)
    at async model.Query.exec (D:\portfolio project\task-management-system-mern\Backend\node_modules\mongoose\lib\query.js:4458:63)
2024-11-23T14:50:51.010Z error: Error: Incorrect email or password.
    at Object.loginUser (D:\portfolio project\task-management-system-mern\Backend\src\services\authService.js:93:15)
    at async loginUser (D:\portfolio project\task-management-system-mern\Backend\src\controllers\authController.js:71:33)
2024-11-24T07:32:25.436Z error: No stack trace
2024-11-24T07:37:15.552Z error: No stack trace
2024-11-24T07:37:42.465Z error: No stack trace
2024-11-24T07:38:29.506Z error: No stack trace
2024-11-24T07:40:15.899Z error: No stack trace
2024-11-24T07:41:04.269Z error: No stack trace
